0 info it worked if it ends with ok
1 verbose cli [ '/Users/ryancampbell/.nvm/versions/node/v7.3.0/bin/node',
1 verbose cli   '/Users/ryancampbell/.nvm/versions/node/v7.3.0/bin/npm',
1 verbose cli   'run',
1 verbose cli   'test:browser' ]
2 info using npm@3.10.10
3 info using node@v7.3.0
4 verbose run-script [ 'pretest:browser', 'test:browser', 'posttest:browser' ]
5 info lifecycle article-json-to-contenteditable@7.3.6~pretest:browser: article-json-to-contenteditable@7.3.6
6 silly lifecycle article-json-to-contenteditable@7.3.6~pretest:browser: no script for pretest:browser, continuing
7 info lifecycle article-json-to-contenteditable@7.3.6~test:browser: article-json-to-contenteditable@7.3.6
8 verbose lifecycle article-json-to-contenteditable@7.3.6~test:browser: unsafe-perm in lifecycle true
9 verbose lifecycle article-json-to-contenteditable@7.3.6~test:browser: PATH: /Users/ryancampbell/.nvm/versions/node/v7.3.0/lib/node_modules/npm/bin/node-gyp-bin:/Users/ryancampbell/Documents/Mic/article-json-to-contenteditable/node_modules/.bin:/Users/ryancampbell/.nvm/versions/node/v7.3.0/bin:/Users/ryancampbell/bin:/usr/local/bin:/usr/bin:/bin:/usr/sbin:/sbin:/opt/X11/bin:/usr/local/git/bin
10 verbose lifecycle article-json-to-contenteditable@7.3.6~test:browser: CWD: /Users/ryancampbell/Documents/Mic/article-json-to-contenteditable
11 silly lifecycle article-json-to-contenteditable@7.3.6~test:browser: Args: [ '-c',
11 silly lifecycle   'browserify --external react/addons --external react/lib/ReactContext --external react/lib/ExecutionEnvironment -t babelify -t brfs -d test/*-test.js | devtool -c -h --bf --no-nt | faucet' ]
12 silly lifecycle article-json-to-contenteditable@7.3.6~test:browser: Returned: code: 1  signal: null
13 info lifecycle article-json-to-contenteditable@7.3.6~test:browser: Failed to exec test:browser script
14 verbose stack Error: article-json-to-contenteditable@7.3.6 test:browser: `browserify --external react/addons --external react/lib/ReactContext --external react/lib/ExecutionEnvironment -t babelify -t brfs -d test/*-test.js | devtool -c -h --bf --no-nt | faucet`
14 verbose stack Exit status 1
14 verbose stack     at EventEmitter.<anonymous> (/Users/ryancampbell/.nvm/versions/node/v7.3.0/lib/node_modules/npm/lib/utils/lifecycle.js:255:16)
14 verbose stack     at emitTwo (events.js:106:13)
14 verbose stack     at EventEmitter.emit (events.js:191:7)
14 verbose stack     at ChildProcess.<anonymous> (/Users/ryancampbell/.nvm/versions/node/v7.3.0/lib/node_modules/npm/lib/utils/spawn.js:40:14)
14 verbose stack     at emitTwo (events.js:106:13)
14 verbose stack     at ChildProcess.emit (events.js:191:7)
14 verbose stack     at maybeClose (internal/child_process.js:885:16)
14 verbose stack     at Process.ChildProcess._handle.onexit (internal/child_process.js:226:5)
15 verbose pkgid article-json-to-contenteditable@7.3.6
16 verbose cwd /Users/ryancampbell/Documents/Mic/article-json-to-contenteditable
17 error Darwin 16.4.0
18 error argv "/Users/ryancampbell/.nvm/versions/node/v7.3.0/bin/node" "/Users/ryancampbell/.nvm/versions/node/v7.3.0/bin/npm" "run" "test:browser"
19 error node v7.3.0
20 error npm  v3.10.10
21 error code ELIFECYCLE
22 error article-json-to-contenteditable@7.3.6 test:browser: `browserify --external react/addons --external react/lib/ReactContext --external react/lib/ExecutionEnvironment -t babelify -t brfs -d test/*-test.js | devtool -c -h --bf --no-nt | faucet`
22 error Exit status 1
23 error Failed at the article-json-to-contenteditable@7.3.6 test:browser script 'browserify --external react/addons --external react/lib/ReactContext --external react/lib/ExecutionEnvironment -t babelify -t brfs -d test/*-test.js | devtool -c -h --bf --no-nt | faucet'.
23 error Make sure you have the latest version of node.js and npm installed.
23 error If you do, this is most likely a problem with the article-json-to-contenteditable package,
23 error not with npm itself.
23 error Tell the author that this fails on your system:
23 error     browserify --external react/addons --external react/lib/ReactContext --external react/lib/ExecutionEnvironment -t babelify -t brfs -d test/*-test.js | devtool -c -h --bf --no-nt | faucet
23 error You can get information on how to open an issue for this project with:
23 error     npm bugs article-json-to-contenteditable
23 error Or if that isn't available, you can get their info via:
23 error     npm owner ls article-json-to-contenteditable
23 error There is likely additional logging output above.
24 verbose exit [ 1, true ]
